C51 COMPILER V9.53.0.0   WIRELESS_LED                                                      06/07/2018 11:22:29 PAGE 1   


C51 COMPILER V9.53.0.0, COMPILATION OF MODULE WIRELESS_LED
OBJECT MODULE PLACED IN .\src\wireless_led.OBJ
COMPILER INVOKED BY: c:\SiliconLabs\SimplicityStudio\v3\developer\toolchains\keil_8051\9.53\BIN\C51.exe D:\VM\share\EFM8
                    -_PROJ\SONOFF-C1-EFM8\src\wireless_led.c OMF2 SMALL DEBUG OBJECTEXTEND ROM(LARGE) WARNINGLEVEL(2) FLOATFUZZY(3) OPTIMIZE(
                    -8,SPEED) DEFINE(DEBUG=1) INTVECTOR(0X0000) INTPROMOTE INCDIR(D:/VM/share/EFM8_PROJ/SONOFF-C1-EFM8/inc;C:/SiliconLabs/Sim
                    -plicityStudio/v3/developer/sdks/si8051/v3//Device/shared/si8051Base;C:/SiliconLabs/SimplicityStudio/v3/developer/sdks/si
                    -8051/v3//Device/EFM8BB1;C:/SiliconLabs/SimplicityStudio/v3/developer/sdks/si8051/v3//Device/EFM8BB1/inc) PRINT(.\src\wir
                    -eless_led.lst) COND PAGEWIDTH(120) PAGELENGTH(65) OBJECT(.\src\wireless_led.OBJ)

line level    source

   1          /*
   2           * wireless_led.c
   3           *
   4           *  Created on: 2017-3-29
   5           *      Author: Administrator
   6           */
   7          #include "wireless_led.h"
   8          
   9          static uint8_t bibi_time = 0;
  10          
  11          void buzzerTimes(uint8_t times)
  12          {
  13   1          bibi_time = times;
  14   1      }
  15          
  16          
  17          void buzzerScan(void)
  18          {
  19   1          static uint8_t buzzCnt = 0;
  20   1          if(bibi_time == 0)
  21   1          {
  22   2              return;
  23   2          }
  24   1          ++buzzCnt;
  25   1          if(buzzCnt== 1)
  26   1          {
  27   2              BUZZER = 1;
  28   2          }
  29   1          else if(buzzCnt== 40)
  30   1          {
  31   2              BUZZER = 0;
  32   2          }
  33   1          else if(buzzCnt== 80)
  34   1          {
  35   2              buzzCnt = 0;
  36   2              bibi_time--;
  37   2          }
  38   1          
  39   1      }
  40          
  41          
  42          
  43          
  44          


MODULE INFORMATION:   STATIC OVERLAYABLE
   CODE SIZE        =     36    ----
   CONSTANT SIZE    =   ----    ----
   XDATA SIZE       =   ----    ----
   PDATA SIZE       =   ----    ----
C51 COMPILER V9.53.0.0   WIRELESS_LED                                                      06/07/2018 11:22:29 PAGE 2   

   DATA SIZE        =      2    ----
   IDATA SIZE       =   ----    ----
   BIT SIZE         =   ----    ----
   EDATA SIZE       =   ----    ----
   HDATA SIZE       =   ----    ----
   XDATA CONST SIZE =   ----    ----
   FAR CONST SIZE   =   ----    ----
END OF MODULE INFORMATION.


C51 COMPILATION COMPLETE.  0 WARNING(S),  0 ERROR(S)
