C51 COMPILER V9.53.0.0   KEY                                                               06/07/2018 16:19:11 PAGE 1   


C51 COMPILER V9.53.0.0, COMPILATION OF MODULE KEY
OBJECT MODULE PLACED IN .\src\key.OBJ
COMPILER INVOKED BY: c:\SiliconLabs\SimplicityStudio\v3\developer\toolchains\keil_8051\9.53\BIN\C51.exe D:\VM\share\EFM8
                    -_PROJ\SONOFF-C1-EFM8\src\key.c OMF2 SMALL DEBUG OBJECTEXTEND ROM(LARGE) WARNINGLEVEL(2) FLOATFUZZY(3) OPTIMIZE(9,SPEED) 
                    -DEFINE(NDEBUG=1) INTVECTOR(0X0000) INTPROMOTE INCDIR(D:/VM/share/EFM8_PROJ/SONOFF-C1-EFM8/inc;C:/SiliconLabs/SimplicityS
                    -tudio/v3/developer/sdks/si8051/v3//Device/shared/si8051Base;C:/SiliconLabs/SimplicityStudio/v3/developer/sdks/si8051/v3/
                    -/Device/EFM8BB1;C:/SiliconLabs/SimplicityStudio/v3/developer/sdks/si8051/v3//Device/EFM8BB1/inc) REGFILE(Sonoff-C1-EFM8.
                    -ORC) PRINT(.\src\key.lst) COND PAGEWIDTH(120) PAGELENGTH(65) OBJECT(.\src\key.OBJ)

line level    source

   1          
   2          #include "key.h"
   3          #include "logic.h"
   4          #include "wireless_led.h"
   5          #include "userclock.h"
   6          
   7          
   8          uint16_t sKeyCnt;
   9          uint8_t gValue;
  10          
  11          uint8_t GetKey(void)
  12          {
  13   1              uint8_t gTemp = 0;
  14   1              uint8_t toESPKey0Flag = 1;
  15   1      
  16   1          if(!IO_KEY_CH0)
  17   1          {
  18   2             toESPKey0Flag = 0; 
  19   2             gTemp |= 0x01;
  20   2          }
  21   1       
  22   1          if(dev_mode == DEV_NORMAL)
  23   1          {
  24   2              if(chl0_act_period)
  25   2              {
  26   3                  chl0_act_period --;
  27   3                  toESPKey0Flag = 0;
  28   3              }
  29   2          }
  30   1          else
  31   1          {
  32   2              chl0_act_period = 0;
  33   2          }
  34   1         
  35   1          
  36   1          if(toESPKey0Flag)
  37   1          {
  38   2              IO_WIFI_KEY0 = 1;
  39   2          }
  40   1          else
  41   1          {
  42   2              IO_WIFI_KEY0 = 0;
  43   2          }
  44   1      
  45   1              if(gTemp)
  46   1              {
  47   2                      gValue = gTemp;
  48   2                      sKeyCnt++;
  49   2      
  50   2                      if(sKeyCnt >=350)   //3s 300
  51   2                      {
C51 COMPILER V9.53.0.0   KEY                                                               06/07/2018 16:19:11 PAGE 2   

  52   3                          gTemp =gTemp|L_KEY_MASK;
  53   3                          if(sKeyCnt ==350)
  54   3                          {
  55   4                              return (gTemp);
  56   4                          }
  57   3              }
  58   2              if(sKeyCnt >=550)  //5s 500
  59   2                      {
  60   3                          gTemp =gTemp|LL_KEY_MASK;
  61   3                          if(sKeyCnt ==550)
  62   3                          {
  63   4                                      return (gTemp);
  64   4                              }
  65   3                          sKeyCnt = 555;
  66   3              }
  67   2              }
  68   1              else 
  69   1              {
  70   2                  if((sKeyCnt <300)&&(sKeyCnt >=4))
  71   2                  {
  72   3                      sKeyCnt = 0;
  73   3                      return (gValue);
  74   3                  }
  75   2                  else
  76   2                  {
  77   3                      sKeyCnt = 0;
  78   3                  }
  79   2              }
  80   1              return N_KEY;
  81   1      }
  82          
  83          
  84          
  85          
  86          
  87          void Key_Action(void)
  88          {
  89   1              uint8_t gTemp;
  90   1          
  91   1          if(!FClk_10MS)
  92   1          {
  93   2              return;
  94   2          }
  95   1          
  96   1              gTemp = GetKey();
  97   1              if(gTemp == N_KEY) {;}          
  98   1              else if(gTemp == S_KEY_CH0)  
  99   1              {
 100   2              ;
 101   2              }       
 102   1              else if(gTemp == L_KEY_CH0)   
 103   1              {
 104   2              gSelectChl = 0;
 105   2              setDevMode(DEV_STUDY);
 106   2              buzzerTimes(1);
 107   2              }       
 108   1                      
 109   1              else if(gTemp == LL_KEY_CH0)   
 110   1              {
 111   2              gSelectChl = 0;
 112   2              buzzerTimes(2);
 113   2              setDevMode(DEV_CLEAR);
 114   2              }       
C51 COMPILER V9.53.0.0   KEY                                                               06/07/2018 16:19:11 PAGE 3   

 115   1      }
 116          


MODULE INFORMATION:   STATIC OVERLAYABLE
   CODE SIZE        =    199    ----
   CONSTANT SIZE    =   ----    ----
   XDATA SIZE       =   ----    ----
   PDATA SIZE       =   ----    ----
   DATA SIZE        =      3       1
   IDATA SIZE       =   ----    ----
   BIT SIZE         =   ----    ----
   EDATA SIZE       =   ----    ----
   HDATA SIZE       =   ----    ----
   XDATA CONST SIZE =   ----    ----
   FAR CONST SIZE   =   ----    ----
END OF MODULE INFORMATION.


C51 COMPILATION COMPLETE.  0 WARNING(S),  0 ERROR(S)
