C51 COMPILER V9.53.0.0   WDT_0                                                             06/07/2018 15:17:11 PAGE 1   


C51 COMPILER V9.53.0.0, COMPILATION OF MODULE WDT_0
OBJECT MODULE PLACED IN .\src\wdt_0.OBJ
COMPILER INVOKED BY: c:\SiliconLabs\SimplicityStudio\v3\developer\toolchains\keil_8051\9.53\BIN\C51.exe D:\VM\share\EFM8
                    -_PROJ\SONOFF-C1-EFM8\src\wdt_0.c OMF2 SMALL DEBUG OBJECTEXTEND ROM(LARGE) WARNINGLEVEL(2) FLOATFUZZY(3) OPTIMIZE(9,SPEED
                    -) DEFINE(NDEBUG=1) INTVECTOR(0X0000) INTPROMOTE INCDIR(D:/VM/share/EFM8_PROJ/SONOFF-C1-EFM8/inc;C:/SiliconLabs/Simplicit
                    -yStudio/v3/developer/sdks/si8051/v3//Device/shared/si8051Base;C:/SiliconLabs/SimplicityStudio/v3/developer/sdks/si8051/v
                    -3//Device/EFM8BB1;C:/SiliconLabs/SimplicityStudio/v3/developer/sdks/si8051/v3//Device/EFM8BB1/inc) REGFILE(Sonoff-C1-EFM
                    -8.ORC) PRINT(.\src\wdt_0.lst) COND PAGEWIDTH(120) PAGELENGTH(65) OBJECT(.\src\wdt_0.OBJ)

line level    source

   1          /**************************************************************************//**
   2           * Copyright (c) 2015 by Silicon Laboratories Inc. All rights reserved.
   3           *
   4           * http://developer.silabs.com/legal/version/v11/Silicon_Labs_Software_License_Agreement.txt
   5           *****************************************************************************/
   6          
   7          #include "wdt_0.h"
   8          #include "assert.h"
   9          
  10          void WDT0_start(){
  11   1        WDTCN = 0xA5;
  12   1      }
  13          
  14          void WDT0_stop()
  15          {
  16   1        bool ea = IE_EA;
  17   1        IE_EA = 0;
  18   1        WDTCN = 0xDE;
  19   1        WDTCN = 0xAD;
  20   1        IE_EA = ea;
  21   1      }
  22          
  23          void WDT0_feed()
  24          {
  25   1        WDTCN = 0xA5;
  26   1      }
  27          
  28          void WDT0_init(uint8_t interval,
  29                         WDT0_Timebase_t  timebase,
  30                         WDT0_IdleState_t idleState)
  31          {
  32   1        timebase=timebase;
  33   1        idleState=idleState;
  34   1        WDTCN = interval;
  35   1      }


MODULE INFORMATION:   STATIC OVERLAYABLE
   CODE SIZE        =     28    ----
   CONSTANT SIZE    =   ----    ----
   XDATA SIZE       =   ----    ----
   PDATA SIZE       =   ----    ----
   DATA SIZE        =   ----    ----
   IDATA SIZE       =   ----    ----
   BIT SIZE         =   ----       1
   EDATA SIZE       =   ----    ----
   HDATA SIZE       =   ----    ----
   XDATA CONST SIZE =   ----    ----
   FAR CONST SIZE   =   ----    ----
END OF MODULE INFORMATION.


C51 COMPILATION COMPLETE.  0 WARNING(S),  0 ERROR(S)
